<?xml version="1.0" encoding="UTF-8"?>
<!-- Generated by org.testng.reporters.JUnitReportReporter -->
<testsuite hostname="LAPTOP-7B0L5NS5" failures="0" tests="2" name="new_test.NewTest" time="10.109" errors="0" timestamp="2024-01-23T01:33:11 EST" skipped="0">
  <testcase classname="new_test.NewTest" name="f" time="5.169"/>
  <system-out/>
  <testcase classname="new_test.NewTest" name="f2" time="4.940"/>
  <system-out/>
</testsuite> <!-- new_test.NewTest -->
