<?xml version="1.0" encoding="UTF-8"?>
<!-- Generated by org.testng.reporters.JUnitReportReporter -->
<testsuite hostname="LAPTOP-7B0L5NS5" failures="0" tests="2" name="new_test.NewTest" time="24.306" errors="0" timestamp="2024-01-23T14:32:04 EST" skipped="0">
  <testcase classname="new_test.NewTest" name="f" time="8.368"/>
  <system-out/>
  <testcase classname="new_test.NewTest" name="f2" time="15.938"/>
  <system-out/>
</testsuite> <!-- new_test.NewTest -->
